<?xml version="1.0" encoding="UTF-8"?>
<testsuite xmlns:xsi="http://www.w3.org/2001/XMLSchema-instance" xsi:noNamespaceSchemaLocation="https://maven.apache.org/surefire/maven-surefire-plugin/xsd/surefire-test-report-3.0.xsd" version="3.0" name="com.nt.SpringPracticeMvcMiniProjApplicationTests" time="9.998" tests="1" errors="0" skipped="0" failures="0">
  <properties>
[...]
</properties>
  <testcase name="contextLoads" classname="com.nt.SpringPracticeMvcMiniProjApplicationTests" time="0.715">
    <system-out><![CDATA[11:00:48.734 [main] INFO org.springframework.test.context.support.AnnotationConfigContextLoaderUtils -- Could not detect default configuration classes for test class [com.nt.SpringPracticeMvcMiniProjApplicationTests]: SpringPracticeMvcMiniProjApplicationTests does not declare any static, non-private, non-final, nested classes annotated with @Configuration.
11:00:49.347 [main] INFO org.springframework.boot.test.context.SpringBootTestContextBootstrapper -- Found @SpringBootConfiguration com.nt.SpringPracticeMvcMiniProjApplication for test class com.nt.SpringPracticeMvcMiniProjApplicationTests
11:00:50.097 [main] INFO org.springframework.boot.devtools.restart.RestartApplicationListener -- Restart disabled due to context in which it is running

  .   ____          _            __ _ _
 /\\ / ___'_ __ _ _(_)_ __  __ _ \ \ \ \
( ( )\___ | '_ | '_| | '_ \/ _` | \ \ \ \
 \\/  ___)| |_)| | | | | || (_| |  ) ) ) )
  '  |____| .__|_| |_|_| |_\__, | / / / /
 =========|_|==============|___/=/_/_/_/
 :: Spring Boot ::                (v3.2.3)

2024-07-22T11:00:50.606+05:30  INFO 19328 --- [           main] pringPracticeMvcMiniProjApplicationTests : Starting SpringPracticeMvcMiniProjApplicationTests using Java 17.0.7 with PID 19328 (started by mounika in C:\Users\mounika\git\repository\SpringPractice_MvcMiniProj)
2024-07-22T11:00:50.610+05:30  INFO 19328 --- [           main] pringPracticeMvcMiniProjApplicationTests : No active profile set, falling back to 1 default profile: "default"
2024-07-22T11:00:51.746+05:30  INFO 19328 --- [           main] .s.d.r.c.RepositoryConfigurationDelegate : Bootstrapping Spring Data JPA repositories in DEFAULT mode.
2024-07-22T11:00:51.828+05:30  INFO 19328 --- [           main] .s.d.r.c.RepositoryConfigurationDelegate : Finished Spring Data repository scanning in 71 ms. Found 1 JPA repository interface.
2024-07-22T11:00:52.674+05:30  INFO 19328 --- [           main] o.hibernate.jpa.internal.util.LogHelper  : HHH000204: Processing PersistenceUnitInfo [name: default]
2024-07-22T11:00:52.841+05:30  INFO 19328 --- [           main] org.hibernate.Version                    : HHH000412: Hibernate ORM core version 6.4.4.Final
2024-07-22T11:00:52.918+05:30  INFO 19328 --- [           main] o.h.c.internal.RegionFactoryInitiator    : HHH000026: Second-level cache disabled
2024-07-22T11:00:53.480+05:30  INFO 19328 --- [           main] o.s.o.j.p.SpringPersistenceUnitInfo      : No LoadTimeWeaver setup: ignoring JPA class transformer
2024-07-22T11:00:53.535+05:30  INFO 19328 --- [           main] com.zaxxer.hikari.HikariDataSource       : HikariPool-1 - Starting...
2024-07-22T11:00:53.981+05:30  INFO 19328 --- [           main] com.zaxxer.hikari.pool.HikariPool        : HikariPool-1 - Added connection oracle.jdbc.driver.T4CConnection@7910f355
2024-07-22T11:00:53.985+05:30  INFO 19328 --- [           main] com.zaxxer.hikari.HikariDataSource       : HikariPool-1 - Start completed.
2024-07-22T11:00:54.174+05:30  WARN 19328 --- [           main] org.hibernate.dialect.Dialect            : HHH000511: The 11.2.0 version for [org.hibernate.dialect.OracleDialect] is no longer supported, hence certain features may not work properly. The minimum supported version is 19.0.0. Check the community dialects project for available legacy versions.
2024-07-22T11:00:54.184+05:30  WARN 19328 --- [           main] org.hibernate.orm.deprecation            : HHH90000025: OracleDialect does not need to be specified explicitly using 'hibernate.dialect' (remove the property setting and it will be selected by default)
Hibernate: create global temporary table HTE_customer(age number(10,0), custid number(10,0), rn_ number(10,0) not null, city varchar2(100 char), cname varchar2(100 char), gender varchar2(100 char), primary key (rn_)) on commit delete rows
2024-07-22T11:00:55.706+05:30  INFO 19328 --- [           main] o.h.e.t.j.p.i.JtaPlatformInitiator       : HHH000489: No JTA platform available (set 'hibernate.transaction.jta.platform' to enable JTA platform integration)
2024-07-22T11:00:56.752+05:30  INFO 19328 --- [           main] j.LocalContainerEntityManagerFactoryBean : Initialized JPA EntityManagerFactory for persistence unit 'default'
2024-07-22T11:00:57.212+05:30  WARN 19328 --- [           main] JpaBaseConfiguration$JpaWebConfiguration : spring.jpa.open-in-view is enabled by default. Therefore, database queries may be performed during view rendering. Explicitly configure spring.jpa.open-in-view to disable this warning
2024-07-22T11:00:57.696+05:30  INFO 19328 --- [           main] pringPracticeMvcMiniProjApplicationTests : Started SpringPracticeMvcMiniProjApplicationTests in 7.622 seconds (process running for 10.442)
]]></system-out>
  </testcase>
</testsuite>